2024-09-17T11:42:39.320Z: Server started on port 3000
2024-09-17T11:44:41.673Z: Server started on port 3000
2024-09-17T11:47:38.512Z: Error creating Zendesk ticket for thread: 1285567839884808253
2024-09-17T11:47:38.827Z: Error updating Zendesk ticket for thread: 1285567839884808253
2024-09-17T11:54:08.532Z: Error creating Zendesk ticket for thread: 1285569475638460508
2024-09-17T11:54:08.783Z: Error updating Zendesk ticket for thread: 1285569475638460508
2024-09-17T12:22:16.907Z: Server started on port 3000
2024-09-17T12:22:34.703Z: Error updating Zendesk ticket for thread: 1285576630949117973
2024-09-17T12:22:35.115Z: New thread created: 1285576630949117973, Zendesk ticket: 14574
2024-09-17T12:31:15.266Z: Server started on port 3000
2024-09-17T12:31:40.143Z: Error updating Zendesk ticket for thread: 1285578918987829348
2024-09-17T12:31:40.911Z: New thread created: 1285578918987829348, Zendesk ticket: 14575
2024-09-17T12:44:26.963Z: Server started on port 3000
2024-09-17T12:44:54.590Z: New thread created: 1285582247654723649, Zendesk ticket: 14576
2024-09-17T12:44:55.459Z: Updated Zendesk ticket: 14576 for thread: 1285582247654723649
2024-09-17T12:49:21.864Z: Updated Zendesk ticket: 14576 for thread: 1285582247654723649
2024-09-17T14:00:58.586Z: Updated Zendesk ticket: 14576 for thread: 1285582247654723649
2024-09-18T07:54:46.073Z: New thread created: 1285871617238499399, Zendesk ticket: 14583
2024-09-18T07:54:47.705Z: Updated Zendesk ticket: 14583 for thread: 1285871617238499399
2024-09-18T07:55:21.717Z: Updated Zendesk ticket: 14583 for thread: 1285871617238499399
2024-09-19T17:14:25.196Z: Server started on port 3000
2024-09-19T17:15:03.808Z: New thread created: 1286375007852826764, Zendesk ticket: 14605
2024-09-19T17:15:05.471Z: Updated Zendesk ticket: 14605 for thread: 1286375007852826764
2024-09-19T17:15:49.380Z: Updated Zendesk ticket: 14605 for thread: 1286375007852826764
2024-09-25T13:55:46.978Z: Server started on port 3000
2024-09-25T13:56:13.678Z: New thread created: 1288499296995377246, Zendesk ticket: 14662
2024-09-25T13:56:15.628Z: Updated Zendesk ticket: 14662 for thread: 1288499296995377246
2024-09-25T13:56:37.416Z: Updated Zendesk ticket: 14662 for thread: 1288499296995377246
2024-10-14T10:24:00.461Z: Server started on port 3000
2024-10-14T10:24:31.588Z: New thread created: 1295331390040313896, Zendesk ticket: 14874
2024-10-14T10:24:32.698Z: Updated Zendesk ticket: 14874 for thread: 1295331390040313896
2024-10-14T11:43:16.592Z: Server started on port 3000
2024-10-14T11:55:34.004Z: Server started on port 3000
2024-10-14T11:55:58.576Z: Server started on port 3000
2024-10-14T11:56:11.701Z: Server started on port 3000
2024-10-14T12:14:51.896Z: Server started on port 3000
2024-10-14T12:18:29.282Z: Server started on port 3000
2024-10-14T12:21:39.614Z: Server started on port 3000
2024-10-14T12:22:58.055Z: Updated Zendesk ticket: 14874 for thread: 1295331390040313896
2024-10-14T12:34:23.934Z: Received webhook payload: {"threadID":"","comment_description":"test1million new endpoint","commenter_id":""}
2024-10-14T12:34:24.299Z: Fetched active threads: ["1295331390040313896","1288499296995377246","1286375007852826764","1286374454930440254","1285871617238499399","1285582247654723649","1285578918987829348","1285576630949117973","1285569475638460508","1285567839884808253"]
2024-10-14T12:34:24.299Z: No matching thread found for ID: 
2024-10-14T12:34:24.299Z: Thread ID from payload: 
2024-10-14T12:36:48.533Z: Received webhook payload: {"threadID":"","comment_description":"","commenter_id":"27124286946829"}
2024-10-14T12:36:49.020Z: Thread ID from payload: 
2024-10-14T12:36:49.020Z: No matching thread found for ID: 
2024-10-14T12:36:49.020Z: Fetched active threads: ["1295331390040313896","1288499296995377246","1286375007852826764","1286374454930440254","1285871617238499399","1285582247654723649","1285578918987829348","1285576630949117973","1285569475638460508","1285567839884808253"]
2024-10-14T12:39:10.703Z: Received webhook payload: {"threadID":"","comment_description":"test6 new payload","commenter_id":"27124286946829"}
2024-10-14T12:39:11.073Z: Thread ID from payload: 
2024-10-14T12:39:11.073Z: No matching thread found for ID: 
2024-10-14T12:39:11.073Z: Fetched active threads: ["1295331390040313896","1288499296995377246","1286375007852826764","1286374454930440254","1285871617238499399","1285582247654723649","1285578918987829348","1285576630949117973","1285569475638460508","1285567839884808253"]
2024-10-14T12:42:26.625Z: Received webhook payload: {"commenter_id":"27124286946829","comment_description":"test7 threadid","threadID":""}
2024-10-14T12:42:27.016Z: Fetched active threads: ["1295331390040313896","1288499296995377246","1286375007852826764","1286374454930440254","1285871617238499399","1285582247654723649","1285578918987829348","1285576630949117973","1285569475638460508","1285567839884808253"]
2024-10-14T12:42:27.016Z: Thread ID from payload: 
2024-10-14T12:42:27.016Z: No matching thread found for ID: 
2024-10-14T12:43:22.913Z: Received webhook payload: {"commenter_id":"27124286946829","comment_description":"8","threadID":""}
2024-10-14T12:43:23.311Z: No matching thread found for ID: 
2024-10-14T12:43:23.311Z: Thread ID from payload: 
2024-10-14T12:43:23.311Z: Fetched active threads: ["1295331390040313896","1288499296995377246","1286375007852826764","1286374454930440254","1285871617238499399","1285582247654723649","1285578918987829348","1285576630949117973","1285569475638460508","1285567839884808253"]
2024-10-14T12:44:00.613Z: Received webhook payload: {"commenter_id":"27124286946829","comment_description":"1295331390040313896","threadID":""}
2024-10-14T12:44:01.272Z: Thread ID from payload: 
2024-10-14T12:44:01.272Z: Fetched active threads: ["1295331390040313896","1288499296995377246","1286375007852826764","1286374454930440254","1285871617238499399","1285582247654723649","1285578918987829348","1285576630949117973","1285569475638460508","1285567839884808253"]
2024-10-14T12:44:01.272Z: No matching thread found for ID: 
2024-10-14T12:46:21.199Z: Received webhook payload: {"commenter_id":"27124286946829","comment_description":"9","threadID":"","custom_fields":""}
2024-10-14T12:46:21.633Z: Thread ID from payload: 
2024-10-14T12:46:21.633Z: Fetched active threads: ["1295331390040313896","1288499296995377246","1286375007852826764","1286374454930440254","1285871617238499399","1285582247654723649","1285578918987829348","1285576630949117973","1285569475638460508","1285567839884808253"]
2024-10-14T12:46:21.633Z: No matching thread found for ID: 
2024-10-14T12:46:57.821Z: Received webhook payload: {"commenter_id":"27124286946829","comment_description":"10","threadID":"","custom_fields":""}
2024-10-14T12:46:58.221Z: Thread ID from payload: 
2024-10-14T12:46:58.221Z: No matching thread found for ID: 
2024-10-14T12:46:58.221Z: Fetched active threads: ["1295331390040313896","1288499296995377246","1286375007852826764","1286374454930440254","1285871617238499399","1285582247654723649","1285578918987829348","1285576630949117973","1285569475638460508","1285567839884808253"]
2024-10-14T12:50:00.746Z: Received webhook payload: {"commenter_id":"27124286946829","comment_description":"success","custom_fields":[{"id":30319722169997}]}
2024-10-14T12:50:01.177Z: Thread ID from payload: undefined
2024-10-14T12:50:01.177Z: No matching thread found for ID: undefined
2024-10-14T12:50:01.177Z: Fetched active threads: ["1295331390040313896","1288499296995377246","1286375007852826764","1286374454930440254","1285871617238499399","1285582247654723649","1285578918987829348","1285576630949117973","1285569475638460508","1285567839884808253"]
2024-10-14T12:51:53.002Z: Received webhook payload: {"commenter_id":"27124286946829","comment_description":"11","threadID":""}
2024-10-14T12:51:53.442Z: Thread ID from payload: 
2024-10-14T12:51:53.442Z: No matching thread found for ID: 
2024-10-14T12:51:53.442Z: Fetched active threads: ["1295331390040313896","1288499296995377246","1286375007852826764","1286374454930440254","1285871617238499399","1285582247654723649","1285578918987829348","1285576630949117973","1285569475638460508","1285567839884808253"]
2024-10-14T12:58:33.812Z: Received webhook payload: {"commenter_id":"27124286946829","comment_description":"12","threadID":"1295331390040313896"}
2024-10-14T12:58:34.215Z: Fetched active threads: ["1295331390040313896","1288499296995377246","1286375007852826764","1286374454930440254","1285871617238499399","1285582247654723649","1285578918987829348","1285576630949117973","1285569475638460508","1285567839884808253"]
2024-10-14T12:58:34.215Z: Thread ID from payload: 1295331390040313896
2024-10-14T12:58:34.215Z: Matching thread found: 1295331390040313896
2024-10-14T12:58:34.510Z: Replied to thread 1295331390040313896 with comment: 12
2024-10-14T12:58:34.510Z: Response from Discord: **Commenter ID:** 27124286946829
**Comment:** 12
2024-10-14T12:59:18.315Z: Received webhook payload: {"commenter_id":"27124286946829","comment_description":"Exito rotundo","threadID":"1295331390040313896"}
2024-10-14T12:59:18.682Z: Fetched active threads: ["1295331390040313896","1288499296995377246","1286375007852826764","1286374454930440254","1285871617238499399","1285582247654723649","1285578918987829348","1285576630949117973","1285569475638460508","1285567839884808253"]
2024-10-14T12:59:18.682Z: Thread ID from payload: 1295331390040313896
2024-10-14T12:59:18.682Z: Matching thread found: 1295331390040313896
2024-10-14T12:59:19.019Z: Response from Discord: **Commenter ID:** 27124286946829
**Comment:** Exito rotundo
2024-10-14T12:59:19.019Z: Replied to thread 1295331390040313896 with comment: Exito rotundo
2024-10-15T11:44:04.388Z: Server started on port 3000
2024-10-15T11:44:19.655Z: New thread created: 1295713861470785606, Zendesk ticket: 14891
2024-10-15T11:44:21.307Z: Updated Zendesk ticket: 14891 for thread: 1295713861470785606
2024-10-15T11:45:48.324Z: Received webhook payload: {"commenter_id":"27124286946829","comment_description":"back to discord","threadID":"1295713861470785606"}
2024-10-15T11:45:48.708Z: Thread ID from payload: 1295713861470785606
2024-10-15T11:45:48.708Z: Fetched active threads: ["1295713861470785606","1293900091924549684","1293900064246206505","1293900039160332288","1293900011654086666","1293899984244310107","1293899949074939904","1293899887124942919","1293899860218482792","1293899829818425415","1293899800479273041","1293899767415443478","1293899736600018964","1293892568689676298","1293892535978164285","1293892474690863135","1293892416063148073","1293892385583005737","1293892356415819776","1293892308940361779","1293892274119380994","1293892218507100221","1293892191072026644","1293892160688492626","1293892126509367367","1293892104480751686","1293892075787522049","1293892048965079143","1293892024453300296","1293891982548271115","1293891924599640168","1293891889552166994","1293891865887641610","1293891844593418301","1293891822434648114","1293891797516423199","1293891762389254185","1293891731573702777","1293891704851529788","1293891677001486448","1293891643337871422","1293891611511754802","1293891587532783637","1293891560374800444","1293891529487679518","1293891490199900261","1293891455571726430","1293891421970890772","1293891370477424670","1293891335392329809","1293891260960079995","1291385822016307250","1291359558966448189","1291359462136873022","1291359323628507177"]
2024-10-15T11:45:48.708Z: Matching thread found: 1295713861470785606
2024-10-15T11:45:48.953Z: Replied to thread 1295713861470785606 with comment: back to discord
2024-10-15T11:45:48.953Z: Response from Discord: **Commenter ID:** 27124286946829
**Comment:** back to discord
2024-10-15T12:14:21.843Z: Server started on port 3000
2024-10-15T12:14:35.571Z: Received webhook payload: {"commenter_id":"27124286946829","comment_description":"new webhook discord","threadID":"1295713861470785606"}
2024-10-15T12:14:35.906Z: Thread ID from payload: 1295713861470785606
2024-10-15T12:14:35.905Z: Fetched active threads: ["1295713861470785606","1293900091924549684","1293900064246206505","1293900039160332288","1293900011654086666","1293899984244310107","1293899949074939904","1293899887124942919","1293899860218482792","1293899829818425415","1293899800479273041","1293899767415443478","1293899736600018964","1293892568689676298","1293892535978164285","1293892474690863135","1293892416063148073","1293892385583005737","1293892356415819776","1293892308940361779","1293892274119380994","1293892218507100221","1293892191072026644","1293892160688492626","1293892126509367367","1293892104480751686","1293892075787522049","1293892048965079143","1293892024453300296","1293891982548271115","1293891924599640168","1293891889552166994","1293891865887641610","1293891844593418301","1293891822434648114","1293891797516423199","1293891762389254185","1293891731573702777","1293891704851529788","1293891677001486448","1293891643337871422","1293891611511754802","1293891587532783637","1293891560374800444","1293891529487679518","1293891490199900261","1293891455571726430","1293891421970890772","1293891370477424670","1293891335392329809","1293891260960079995","1291385822016307250","1291359558966448189","1291359462136873022","1291359323628507177"]
2024-10-15T12:14:35.906Z: Matching thread found: 1295713861470785606
2024-10-15T12:14:36.215Z: Error processing Zendesk webhook: Request failed with status code 400
2024-10-15T12:17:36.175Z: Server started on port 3000
2024-10-15T12:19:44.683Z: Server started on port 3000
2024-10-15T12:19:45.179Z: Server started on port 3000
2024-10-15T12:20:04.010Z: Received webhook payload: {"commenter_id":"27124286946829","comment_description":"returning message as impostor","threadID":"1295713861470785606"}
2024-10-15T12:20:04.419Z: Thread ID from payload: 1295713861470785606
2024-10-15T12:20:04.419Z: Fetched active threads: ["1295713861470785606","1293900091924549684","1293900064246206505","1293900039160332288","1293900011654086666","1293899984244310107","1293899949074939904","1293899887124942919","1293899860218482792","1293899829818425415","1293899800479273041","1293899767415443478","1293899736600018964","1293892568689676298","1293892535978164285","1293892474690863135","1293892416063148073","1293892385583005737","1293892356415819776","1293892308940361779","1293892274119380994","1293892218507100221","1293892191072026644","1293892160688492626","1293892126509367367","1293892104480751686","1293892075787522049","1293892048965079143","1293892024453300296","1293891982548271115","1293891924599640168","1293891889552166994","1293891865887641610","1293891844593418301","1293891822434648114","1293891797516423199","1293891762389254185","1293891731573702777","1293891704851529788","1293891677001486448","1293891643337871422","1293891611511754802","1293891587532783637","1293891560374800444","1293891529487679518","1293891490199900261","1293891455571726430","1293891421970890772","1293891370477424670","1293891335392329809","1293891260960079995","1291385822016307250","1291359558966448189","1291359462136873022","1291359323628507177"]
2024-10-15T12:20:04.419Z: Matching thread found: 1295713861470785606
2024-10-15T12:20:04.738Z: Response from Discord webhook: 204
2024-10-15T12:20:04.738Z: Sent message to Discord webhook: returning message as impostor
2024-10-15T12:20:26.726Z: Updated Zendesk ticket: 14891 for thread: 1295713861470785606
2024-10-15T12:20:28.642Z: Received webhook payload: {"commenter_id":"27124286946829","comment_description":"back to you mister","threadID":"1295713861470785606"}
2024-10-15T12:20:28.946Z: Fetched active threads: ["1295713861470785606","1293900091924549684","1293900064246206505","1293900039160332288","1293900011654086666","1293899984244310107","1293899949074939904","1293899887124942919","1293899860218482792","1293899829818425415","1293899800479273041","1293899767415443478","1293899736600018964","1293892568689676298","1293892535978164285","1293892474690863135","1293892416063148073","1293892385583005737","1293892356415819776","1293892308940361779","1293892274119380994","1293892218507100221","1293892191072026644","1293892160688492626","1293892126509367367","1293892104480751686","1293892075787522049","1293892048965079143","1293892024453300296","1293891982548271115","1293891924599640168","1293891889552166994","1293891865887641610","1293891844593418301","1293891822434648114","1293891797516423199","1293891762389254185","1293891731573702777","1293891704851529788","1293891677001486448","1293891643337871422","1293891611511754802","1293891587532783637","1293891560374800444","1293891529487679518","1293891490199900261","1293891455571726430","1293891421970890772","1293891370477424670","1293891335392329809","1293891260960079995","1291385822016307250","1291359558966448189","1291359462136873022","1291359323628507177"]
2024-10-15T12:20:28.946Z: Matching thread found: 1295713861470785606
2024-10-15T12:20:28.946Z: Thread ID from payload: 1295713861470785606
2024-10-15T12:20:29.202Z: Sent message to Discord webhook: back to you mister
2024-10-15T12:20:29.202Z: Response from Discord webhook: 204
2024-11-06T14:07:32.413Z: Server started on port 3000
2024-11-06T14:13:56.370Z: New thread created: 1303724044377653268, Zendesk ticket: 15115
2024-11-06T14:13:58.102Z: Updated Zendesk ticket: 15115 for thread: 1303724044377653268
2024-11-06T16:59:17.037Z: Received webhook payload: {"commenter_id":"27124286946829","comment_description":"reply1","threadID":"1303724044377653268"}
2024-11-06T16:59:17.389Z: Thread ID from payload: 1303724044377653268
2024-11-06T16:59:17.389Z: Matching thread found: 1303724044377653268
2024-11-06T16:59:17.389Z: Fetched active threads: ["1303724044377653268","1295713861470785606","1293900091924549684","1293900064246206505","1293900039160332288","1293900011654086666","1293899984244310107","1293899949074939904","1293899887124942919","1293899860218482792","1293899829818425415","1293899800479273041","1293899767415443478","1293899736600018964","1293892568689676298","1293892535978164285","1293892474690863135","1293892416063148073","1293892385583005737","1293892356415819776","1293892308940361779","1293892274119380994","1293892218507100221","1293892191072026644","1293892160688492626","1293892126509367367","1293892104480751686","1293892075787522049","1293892048965079143","1293892024453300296","1293891982548271115","1293891924599640168","1293891889552166994","1293891865887641610","1293891844593418301","1293891822434648114","1293891797516423199","1293891762389254185","1293891731573702777","1293891704851529788","1293891677001486448","1293891643337871422","1293891611511754802","1293891587532783637","1293891560374800444","1293891529487679518","1293891490199900261","1293891455571726430","1293891421970890772","1293891370477424670","1293891335392329809","1293891260960079995"]
2024-11-06T16:59:17.673Z: Sent message to Discord webhook: reply1
2024-11-06T16:59:17.673Z: Response from Discord webhook: 204
2024-11-06T16:59:30.627Z: Updated Zendesk ticket: 15115 for thread: 1303724044377653268
2024-11-06T16:59:31.551Z: Received webhook payload: {"commenter_id":"27124286946829","comment_description":"back to you mister","threadID":"1303724044377653268"}
2024-11-06T16:59:31.843Z: Thread ID from payload: 1303724044377653268
2024-11-06T16:59:31.843Z: Matching thread found: 1303724044377653268
2024-11-06T16:59:31.843Z: Fetched active threads: ["1303724044377653268","1295713861470785606","1293900091924549684","1293900064246206505","1293900039160332288","1293900011654086666","1293899984244310107","1293899949074939904","1293899887124942919","1293899860218482792","1293899829818425415","1293899800479273041","1293899767415443478","1293899736600018964","1293892568689676298","1293892535978164285","1293892474690863135","1293892416063148073","1293892385583005737","1293892356415819776","1293892308940361779","1293892274119380994","1293892218507100221","1293892191072026644","1293892160688492626","1293892126509367367","1293892104480751686","1293892075787522049","1293892048965079143","1293892024453300296","1293891982548271115","1293891924599640168","1293891889552166994","1293891865887641610","1293891844593418301","1293891822434648114","1293891797516423199","1293891762389254185","1293891731573702777","1293891704851529788","1293891677001486448","1293891643337871422","1293891611511754802","1293891587532783637","1293891560374800444","1293891529487679518","1293891490199900261","1293891455571726430","1293891421970890772","1293891370477424670","1293891335392329809","1293891260960079995"]
2024-11-06T16:59:32.170Z: Sent message to Discord webhook: back to you mister
2024-11-06T16:59:32.170Z: Response from Discord webhook: 204
2024-11-06T17:04:25.697Z: Server started on port 3000
2024-11-06T17:04:35.466Z: Updated Zendesk ticket: 15115 for thread: 1303724044377653268
2024-11-06T17:04:36.179Z: Received webhook payload: {"commenter_id":"27124286946829","comment_description":"back to you mistah\n\nMessage from Discord","threadID":"1303724044377653268"}
2024-11-06T17:04:36.483Z: Thread ID from payload: 1303724044377653268
2024-11-06T17:04:36.483Z: Fetched active threads: ["1303724044377653268","1295713861470785606","1293900091924549684","1293900064246206505","1293900039160332288","1293900011654086666","1293899984244310107","1293899949074939904","1293899887124942919","1293899860218482792","1293899829818425415","1293899800479273041","1293899767415443478","1293899736600018964","1293892568689676298","1293892535978164285","1293892474690863135","1293892416063148073","1293892385583005737","1293892356415819776","1293892308940361779","1293892274119380994","1293892218507100221","1293892191072026644","1293892160688492626","1293892126509367367","1293892104480751686","1293892075787522049","1293892048965079143","1293892024453300296","1293891982548271115","1293891924599640168","1293891889552166994","1293891865887641610","1293891844593418301","1293891822434648114","1293891797516423199","1293891762389254185","1293891731573702777","1293891704851529788","1293891677001486448","1293891643337871422","1293891611511754802","1293891587532783637","1293891560374800444","1293891529487679518","1293891490199900261","1293891455571726430","1293891421970890772","1293891370477424670","1293891335392329809","1293891260960079995"]
2024-11-06T17:04:36.483Z: Matching thread found: 1303724044377653268
2024-11-06T17:04:36.797Z: Response from Discord webhook: 204
2024-11-06T17:04:36.797Z: Sent message to Discord webhook: back to you mistah

Message from Discord
2024-11-06T17:05:26.978Z: Updated Zendesk ticket: 15115 for thread: 1303724044377653268
2024-11-06T17:05:55.713Z: Received webhook payload: {"commenter_id":"27124286946829","comment_description":"working fine","threadID":"1303724044377653268"}
2024-11-06T17:05:56.067Z: Fetched active threads: ["1303724044377653268","1295713861470785606","1293900091924549684","1293900064246206505","1293900039160332288","1293900011654086666","1293899984244310107","1293899949074939904","1293899887124942919","1293899860218482792","1293899829818425415","1293899800479273041","1293899767415443478","1293899736600018964","1293892568689676298","1293892535978164285","1293892474690863135","1293892416063148073","1293892385583005737","1293892356415819776","1293892308940361779","1293892274119380994","1293892218507100221","1293892191072026644","1293892160688492626","1293892126509367367","1293892104480751686","1293892075787522049","1293892048965079143","1293892024453300296","1293891982548271115","1293891924599640168","1293891889552166994","1293891865887641610","1293891844593418301","1293891822434648114","1293891797516423199","1293891762389254185","1293891731573702777","1293891704851529788","1293891677001486448","1293891643337871422","1293891611511754802","1293891587532783637","1293891560374800444","1293891529487679518","1293891490199900261","1293891455571726430","1293891421970890772","1293891370477424670","1293891335392329809","1293891260960079995"]
2024-11-06T17:05:56.067Z: Thread ID from payload: 1303724044377653268
2024-11-06T17:05:56.068Z: Matching thread found: 1303724044377653268
2024-11-06T17:05:56.318Z: Sent message to Discord webhook: working fine
2024-11-06T17:05:56.318Z: Response from Discord webhook: 204
2024-11-06T17:18:30.359Z: Server started on port 3000
2024-11-06T17:18:45.774Z: Received webhook payload: {"commenter_id":"27124286946829","comment_description":"new discord webhook for china","threadID":"1303724044377653268"}
2024-11-06T17:18:46.181Z: Thread ID from payload: 1303724044377653268
2024-11-06T17:18:46.180Z: Fetched active threads: ["1303724044377653268","1295713861470785606","1293900091924549684","1293900064246206505","1293900039160332288","1293900011654086666","1293899984244310107","1293899949074939904","1293899887124942919","1293899860218482792","1293899829818425415","1293899800479273041","1293899767415443478","1293899736600018964","1293892568689676298","1293892535978164285","1293892474690863135","1293892416063148073","1293892385583005737","1293892356415819776","1293892308940361779","1293892274119380994","1293892218507100221","1293892191072026644","1293892160688492626","1293892126509367367","1293892104480751686","1293892075787522049","1293892048965079143","1293892024453300296","1293891982548271115","1293891924599640168","1293891889552166994","1293891865887641610","1293891844593418301","1293891822434648114","1293891797516423199","1293891762389254185","1293891731573702777","1293891704851529788","1293891677001486448","1293891643337871422","1293891611511754802","1293891587532783637","1293891560374800444","1293891529487679518","1293891490199900261","1293891455571726430","1293891421970890772","1293891370477424670","1293891335392329809","1293891260960079995"]
2024-11-06T17:18:46.181Z: Matching thread found: 1303724044377653268
2024-11-06T17:18:46.502Z: Sent message to Discord webhook: new discord webhook for china
2024-11-06T17:18:46.502Z: Response from Discord webhook: 204
2024-11-06T17:22:00.972Z: Failed to retrieve Zendesk ticket ID for thread: 1303724044377653268
2024-11-06T17:23:35.266Z: Failed to retrieve Zendesk ticket ID for thread: 1303724044377653268
2024-11-06T17:26:01.356Z: Updated Zendesk ticket: 15115 for thread: 1303724044377653268
2024-11-06T17:26:29.300Z: Updated Zendesk ticket: 15115 for thread: 1303724044377653268
2024-11-06T17:26:31.063Z: Updated Zendesk ticket: 15115 for thread: 1303724044377653268
2024-11-06T17:26:32.242Z: Updated Zendesk ticket: 15115 for thread: 1303724044377653268
2024-11-06T17:26:36.703Z: Failed to retrieve Zendesk ticket ID for thread: 1303724044377653268
2024-11-06T17:27:10.656Z: Updated Zendesk ticket: 15115 for thread: 1303724044377653268
2024-11-06T17:27:14.731Z: Failed to retrieve Zendesk ticket ID for thread: 1303724044377653268
2024-11-06T17:29:38.822Z: Server started on port 3000
2024-11-06T17:29:55.333Z: Updated Zendesk ticket: 15115 for thread: 1303724044377653268
2024-11-06T17:29:56.301Z: Updated Zendesk ticket: 15115 for thread: 1303724044377653268
2024-11-06T17:29:56.866Z: Updated Zendesk ticket: 15115 for thread: 1303724044377653268
2024-11-06T17:31:38.187Z: Server started on port 3000
2024-11-06T17:31:43.484Z: Updated Zendesk ticket: 15115 for thread: 1303724044377653268
2024-11-06T17:31:43.976Z: Updated Zendesk ticket: 15115 for thread: 1303724044377653268
2024-11-06T17:31:44.224Z: Received webhook payload: {"commenter_id":"27124286946829","comment_description":"14\n\n*Replied on Discord*","threadID":"1303724044377653268"}
2024-11-06T17:31:44.507Z: Thread ID from payload: 1303724044377653268
2024-11-06T17:31:44.507Z: Matching thread found: 1303724044377653268
2024-11-06T17:31:44.507Z: Fetched active threads: ["1303724044377653268","1295713861470785606","1293900091924549684","1293900064246206505","1293900039160332288","1293900011654086666","1293899984244310107","1293899949074939904","1293899887124942919","1293899860218482792","1293899829818425415","1293899800479273041","1293899767415443478","1293899736600018964","1293892568689676298","1293892535978164285","1293892474690863135","1293892416063148073","1293892385583005737","1293892356415819776","1293892308940361779","1293892274119380994","1293892218507100221","1293892191072026644","1293892160688492626","1293892126509367367","1293892104480751686","1293892075787522049","1293892048965079143","1293892024453300296","1293891982548271115","1293891924599640168","1293891889552166994","1293891865887641610","1293891844593418301","1293891822434648114","1293891797516423199","1293891762389254185","1293891731573702777","1293891704851529788","1293891677001486448","1293891643337871422","1293891611511754802","1293891587532783637","1293891560374800444","1293891529487679518","1293891490199900261","1293891455571726430","1293891421970890772","1293891370477424670","1293891335392329809","1293891260960079995"]
2024-11-06T17:31:44.586Z: Received webhook payload: {"commenter_id":"27124286946829","comment_description":"15\n\n*Replied on Discord*","threadID":"1303724044377653268"}
2024-11-06T17:31:44.779Z: Sent message to Discord webhook: 14

*Replied on Discord*
2024-11-06T17:31:44.779Z: Response from Discord webhook: 204
2024-11-06T17:31:44.996Z: Fetched active threads: ["1303724044377653268","1295713861470785606","1293900091924549684","1293900064246206505","1293900039160332288","1293900011654086666","1293899984244310107","1293899949074939904","1293899887124942919","1293899860218482792","1293899829818425415","1293899800479273041","1293899767415443478","1293899736600018964","1293892568689676298","1293892535978164285","1293892474690863135","1293892416063148073","1293892385583005737","1293892356415819776","1293892308940361779","1293892274119380994","1293892218507100221","1293892191072026644","1293892160688492626","1293892126509367367","1293892104480751686","1293892075787522049","1293892048965079143","1293892024453300296","1293891982548271115","1293891924599640168","1293891889552166994","1293891865887641610","1293891844593418301","1293891822434648114","1293891797516423199","1293891762389254185","1293891731573702777","1293891704851529788","1293891677001486448","1293891643337871422","1293891611511754802","1293891587532783637","1293891560374800444","1293891529487679518","1293891490199900261","1293891455571726430","1293891421970890772","1293891370477424670","1293891335392329809","1293891260960079995"]
2024-11-06T17:31:44.996Z: Thread ID from payload: 1303724044377653268
2024-11-06T17:31:44.996Z: Matching thread found: 1303724044377653268
2024-11-06T17:31:45.219Z: Sent message to Discord webhook: 15

*Replied on Discord*
2024-11-06T17:31:45.219Z: Response from Discord webhook: 204
2024-11-06T17:33:45.775Z: Server started on port 3000
2024-11-06T17:33:59.324Z: New thread created: 1303774392165077043, Zendesk ticket: 15118
2024-11-06T17:34:03.124Z: Failed to retrieve Zendesk ticket ID for thread: 1303774392165077043
2024-11-06T17:36:33.526Z: Server started on port 3000
2024-11-06T17:36:55.071Z: Error creating Zendesk ticket for thread: 1303775124486488075
2024-11-06T17:36:57.930Z: Failed to retrieve Zendesk ticket ID for thread: 1303775124486488075
2024-11-06T17:37:57.596Z: Server started on port 3000
2024-11-06T17:38:03.671Z: New thread created: 1303775415445356597, Zendesk ticket: 15120
2024-11-06T17:38:07.190Z: Failed to retrieve Zendesk ticket ID for thread: 1303775415445356597
2024-11-06T17:41:59.735Z: Server started on port 3000
2024-11-06T17:42:15.892Z: New thread created: 1303776473433374770, Zendesk ticket: 15121
2024-11-06T17:42:19.252Z: Failed to retrieve Zendesk ticket ID for thread: 1303776473433374770
2024-11-06T17:44:35.771Z: Server started on port 3000
2024-11-06T17:44:42.533Z: New thread created: 1303777087496130711, Zendesk ticket: 15122
2024-11-06T17:44:44.014Z: Updated Zendesk ticket: 15122 for thread: 1303777087496130711
2024-11-06T17:44:52.983Z: Updated Zendesk ticket: 15122 for thread: 1303777087496130711
2024-11-06T17:45:46.467Z: Server started on port 3000
2024-11-06T17:45:55.281Z: New thread created: 1303777393944563732, Zendesk ticket: 15123
2024-11-06T17:45:56.239Z: Updated Zendesk ticket: 15123 for thread: 1303777393944563732
2024-11-06T17:46:59.315Z: Server started on port 3000
2024-11-06T17:48:13.370Z: Server started on port 3000
2024-11-06T17:48:21.634Z: New thread created: 1303778007697068135, Zendesk ticket: 15124
2024-11-06T17:48:22.504Z: Updated Zendesk ticket: 15124 for thread: 1303778007697068135
2024-11-06T17:50:57.642Z: Server started on port 3000
2024-11-06T17:53:58.124Z: Server started on port 3000
2024-11-06T17:54:22.539Z: New thread created: 1303779521329107035, Zendesk ticket: 15125
2024-11-06T17:54:22.843Z: Error creating Zendesk ticket for thread: 1303779521329107035
2024-11-06T17:54:23.359Z: Updated Zendesk ticket: 15125 for thread: 1303779521329107035
2024-11-06T17:55:08.901Z: Server started on port 3000
2024-11-06T18:04:45.496Z: Server started on port 3000
2024-11-06T18:04:55.137Z: New thread created: 1303782173794373745, Zendesk ticket: 15126
2024-11-06T18:04:57.016Z: Updated Zendesk ticket: 15126 for thread: 1303782173794373745
2024-11-06T18:14:27.404Z: Server started on port 3000
2024-11-06T18:14:38.567Z: New thread created: 1303784618390061208, Zendesk ticket: 15127
2024-11-06T18:14:39.770Z: Updated Zendesk ticket: 15127 for thread: 1303784618390061208
2024-11-06T18:15:31.446Z: Server started on port 3000
2024-11-06T18:15:42.143Z: New thread created: 1303784887576170546, Zendesk ticket: 15128
2024-11-06T18:15:44.055Z: Updated Zendesk ticket: 15128 for thread: 1303784887576170546
2024-11-07T09:13:26.528Z: New thread created: 1304010809378082828, Zendesk ticket: 15134
2024-11-07T09:13:27.802Z: Updated Zendesk ticket: 15134 for thread: 1304010809378082828
2024-11-07T09:14:31.622Z: Received webhook payload: {"commenter_id":"27124286946829","comment_description":"back to discord","threadID":"1304010809378082828"}
2024-11-07T09:14:32.006Z: Thread ID from payload: 1304010809378082828
2024-11-07T09:14:32.006Z: Matching thread found: 1304010809378082828
2024-11-07T09:14:32.006Z: Fetched active threads: ["1304010809378082828","1303784887576170546","1303784618390061208","1303782173794373745","1303779521329107035","1303778007697068135","1303777393944563732","1303777087496130711","1303776473433374770","1303775415445356597","1303775124486488075","1303774392165077043","1303724044377653268","1295713861470785606","1293900091924549684","1293900064246206505","1293900039160332288","1293900011654086666","1293899984244310107","1293899949074939904","1293899887124942919","1293899860218482792","1293899829818425415","1293899800479273041","1293899767415443478","1293899736600018964","1293892568689676298","1293892535978164285","1293892474690863135","1293892416063148073","1293892385583005737","1293892356415819776","1293892308940361779","1293892274119380994","1293892218507100221","1293892191072026644","1293892160688492626","1293892126509367367","1293892104480751686","1293892075787522049","1293892048965079143","1293892024453300296","1293891982548271115","1293891924599640168","1293891889552166994","1293891865887641610","1293891844593418301","1293891822434648114","1293891797516423199","1293891762389254185","1293891731573702777","1293891704851529788","1293891677001486448","1293891643337871422","1293891611511754802","1293891587532783637","1293891560374800444","1293891529487679518","1293891490199900261","1293891455571726430","1293891421970890772","1293891370477424670","1293891335392329809","1293891260960079995"]
2024-11-07T09:14:32.289Z: Response from Discord webhook: 204
2024-11-07T09:14:32.288Z: Sent message to Discord webhook: back to discord
2024-11-07T09:14:48.582Z: Server started on port 3000
2024-11-07T09:14:51.391Z: Server started on port 3000
2024-11-07T09:14:52.605Z: Server started on port 3000
2024-11-07T09:15:14.632Z: Server started on port 3000
2024-11-07T09:22:15.599Z: Received webhook payload: {"commenter_id":"27124286946829","comment_description":"hello\n\nBest regards,\nChina @ Crossmint","threadID":"1304010809378082828"}
2024-11-07T09:22:15.961Z: Fetched active threads: ["1304010809378082828","1303784887576170546","1303784618390061208","1303782173794373745","1303779521329107035","1303778007697068135","1303777393944563732","1303777087496130711","1303776473433374770","1303775415445356597","1303775124486488075","1303774392165077043","1303724044377653268","1295713861470785606","1293900091924549684","1293900064246206505","1293900039160332288","1293900011654086666","1293899984244310107","1293899949074939904","1293899887124942919","1293899860218482792","1293899829818425415","1293899800479273041","1293899767415443478","1293899736600018964","1293892568689676298","1293892535978164285","1293892474690863135","1293892416063148073","1293892385583005737","1293892356415819776","1293892308940361779","1293892274119380994","1293892218507100221","1293892191072026644","1293892160688492626","1293892126509367367","1293892104480751686","1293892075787522049","1293892048965079143","1293892024453300296","1293891982548271115","1293891924599640168","1293891889552166994","1293891865887641610","1293891844593418301","1293891822434648114","1293891797516423199","1293891762389254185","1293891731573702777","1293891704851529788","1293891677001486448","1293891643337871422","1293891611511754802","1293891587532783637","1293891560374800444","1293891529487679518","1293891490199900261","1293891455571726430","1293891421970890772","1293891370477424670","1293891335392329809","1293891260960079995"]
2024-11-07T09:22:15.961Z: Matching thread found: 1304010809378082828
2024-11-07T09:22:15.961Z: Thread ID from payload: 1304010809378082828
2024-11-07T09:22:16.264Z: Response from Discord webhook: 204
2024-11-07T09:22:16.263Z: Sent message to Discord webhook: hello

Best regards,
China @ Crossmint
2024-11-07T09:59:34.381Z: Received webhook payload: {"commenter_id":"10715210359693","comment_description":"Hello!!\n\nBest regards,\nChina @ Crossmint","threadID":"1304010809378082828"}
2024-11-07T09:59:34.805Z: Thread ID from payload: 1304010809378082828
2024-11-07T09:59:34.805Z: Matching thread found: 1304010809378082828
2024-11-07T09:59:34.805Z: Fetched active threads: ["1304010809378082828","1303784887576170546","1303784618390061208","1303782173794373745","1303779521329107035","1303778007697068135","1303777393944563732","1303777087496130711","1303776473433374770","1303775415445356597","1303775124486488075","1303774392165077043","1303724044377653268","1295713861470785606","1293900091924549684","1293900064246206505","1293900039160332288","1293900011654086666","1293899984244310107","1293899949074939904","1293899887124942919","1293899860218482792","1293899829818425415","1293899800479273041","1293899767415443478","1293899736600018964","1293892568689676298","1293892535978164285","1293892474690863135","1293892416063148073","1293892385583005737","1293892356415819776","1293892308940361779","1293892274119380994","1293892218507100221","1293892191072026644","1293892160688492626","1293892126509367367","1293892104480751686","1293892075787522049","1293892048965079143","1293892024453300296","1293891982548271115","1293891924599640168","1293891889552166994","1293891865887641610","1293891844593418301","1293891822434648114","1293891797516423199","1293891762389254185","1293891731573702777","1293891704851529788","1293891677001486448","1293891643337871422","1293891611511754802","1293891587532783637","1293891560374800444","1293891529487679518","1293891490199900261","1293891455571726430","1293891421970890772","1293891370477424670","1293891335392329809","1293891260960079995"]
2024-11-07T09:59:35.154Z: Sent message to Discord webhook: Hello!!

Best regards,
China @ Crossmint
2024-11-07T09:59:35.154Z: Response from Discord webhook: 204
2024-11-07T10:06:16.512Z: Received webhook payload: {"commenter_id":"27124286946829","comment_description":"back to discord v2","threadID":"1304010809378082828"}
2024-11-07T10:06:16.885Z: Matching thread found: 1304010809378082828
2024-11-07T10:06:16.884Z: Fetched active threads: ["1304010809378082828","1303784887576170546","1303784618390061208","1303782173794373745","1303779521329107035","1303778007697068135","1303777393944563732","1303777087496130711","1303776473433374770","1303775415445356597","1303775124486488075","1303774392165077043","1303724044377653268","1295713861470785606","1293900091924549684","1293900064246206505","1293900039160332288","1293900011654086666","1293899984244310107","1293899949074939904","1293899887124942919","1293899860218482792","1293899829818425415","1293899800479273041","1293899767415443478","1293899736600018964","1293892568689676298","1293892535978164285","1293892474690863135","1293892416063148073","1293892385583005737","1293892356415819776","1293892308940361779","1293892274119380994","1293892218507100221","1293892191072026644","1293892160688492626","1293892126509367367","1293892104480751686","1293892075787522049","1293892048965079143","1293892024453300296","1293891982548271115","1293891924599640168","1293891889552166994","1293891865887641610","1293891844593418301","1293891822434648114","1293891797516423199","1293891762389254185","1293891731573702777","1293891704851529788","1293891677001486448","1293891643337871422","1293891611511754802","1293891587532783637","1293891560374800444","1293891529487679518","1293891490199900261","1293891455571726430","1293891421970890772","1293891370477424670","1293891335392329809","1293891260960079995"]
2024-11-07T10:06:16.885Z: Thread ID from payload: 1304010809378082828
2024-11-07T10:06:17.183Z: Sent message to Discord webhook: back to discord v2
2024-11-07T10:06:17.183Z: Response from Discord webhook: 204
2024-11-07T10:06:28.496Z: Updated Zendesk ticket: 15134 for thread: 1304010809378082828
2024-11-07T12:10:03.079Z: New thread created: 1304055256438673418, Zendesk ticket: 15137
2024-11-07T12:10:05.366Z: Updated Zendesk ticket: 15137 for thread: 1304055256438673418
2024-11-07T12:26:51.310Z: New thread created: 1304059484532113488, Zendesk ticket: 15138
2024-11-07T12:26:53.032Z: Updated Zendesk ticket: 15138 for thread: 1304059484532113488
2024-11-07T12:30:53.555Z: Server started on port 3000
2024-11-07T12:31:04.824Z: New thread created: 1304060550552092754, Zendesk ticket: 15139
2024-11-07T12:31:06.104Z: Updated Zendesk ticket: 15139 for thread: 1304060550552092754
2024-11-07T12:31:40.730Z: Server started on port 3000
2024-11-07T12:32:05.967Z: Server started on port 3000
2024-11-07T12:32:30.714Z: Updated Zendesk ticket: 15140 for thread: 1304060906451238945
2024-11-07T12:32:30.781Z: New thread created: 1304060906451238945, Zendesk ticket: 15140
2024-11-07T12:34:16.173Z: Server started on port 3000
2024-11-07T12:34:28.639Z: New thread created: 1304061403551891536, Zendesk ticket: 15141
2024-11-07T12:34:30.227Z: Updated Zendesk ticket: 15141 for thread: 1304061403551891536
2024-11-07T12:35:09.903Z: Server started on port 3000
2024-11-07T12:35:40.491Z: Server started on port 3000
2024-11-07T12:36:07.743Z: New thread created: 1304061819437977701, Zendesk ticket: 15142
2024-11-07T12:36:09.404Z: Updated Zendesk ticket: 15142 for thread: 1304061819437977701
2024-11-07T12:36:36.978Z: Server started on port 3000
2024-11-07T12:38:35.687Z: Server started on port 3000
2024-11-07T12:38:43.178Z: Error creating or updating Zendesk ticket for thread: 1304062475938824205
2024-11-07T12:38:47.394Z: Failed to retrieve Zendesk ticket ID for thread: 1304062475938824205
2024-11-07T12:39:38.140Z: Server started on port 3000
2024-11-07T12:39:57.026Z: New thread created: 1304062780718055447, Zendesk ticket: 15143
2024-11-07T12:39:58.048Z: Updated Zendesk ticket: 15143 for thread: 1304062780718055447
2024-11-07T16:10:06.605Z: Server started on port 3000
2024-11-07T16:11:23.166Z: Error creating or updating Zendesk ticket for thread: 1304115996147056710
2024-11-07T16:11:27.778Z: Failed to retrieve Zendesk ticket ID for thread: 1304115996147056710
2024-11-07T16:12:51.396Z: Server started on port 3000
2024-11-07T16:13:03.607Z: Error creating or updating Zendesk ticket for thread: 1304116417762951179
2024-11-07T16:13:08.380Z: Failed to retrieve Zendesk ticket ID for thread: 1304116417762951179
2024-11-07T16:13:47.738Z: Server started on port 3000
2024-11-07T16:13:57.037Z: Error creating or updating Zendesk ticket for thread: 1304116641331675207
2024-11-07T16:14:01.466Z: Failed to retrieve Zendesk ticket ID for thread: 1304116641331675207
2024-11-07T16:14:11.122Z: Server started on port 3000
2024-11-07T16:14:24.760Z: New thread created: 1304116751830618153, Zendesk ticket: 15144
2024-11-07T16:14:26.689Z: Updated Zendesk ticket: 15144 for thread: 1304116751830618153
2024-11-07T16:15:03.841Z: Server started on port 3000
2024-11-07T16:15:12.354Z: New thread created: 1304116950762258494, Zendesk ticket: 15145
2024-11-07T16:15:14.000Z: Updated Zendesk ticket: 15145 for thread: 1304116950762258494
2024-11-07T16:16:37.067Z: Server started on port 3000
2024-11-07T16:17:19.472Z: Server started on port 3000
2024-11-07T16:17:31.113Z: Error creating or updating Zendesk ticket for thread: 1304117539508326490
2024-11-07T16:17:35.613Z: Failed to retrieve Zendesk ticket ID for thread: 1304117539508326490
2024-11-07T16:18:22.059Z: Server started on port 3000
2024-11-07T16:20:08.234Z: Server started on port 3000
2024-11-07T16:21:03.318Z: New thread created: 1304118421218136166, Zendesk ticket: 15146
2024-11-07T16:21:04.846Z: Updated Zendesk ticket: 15146 for thread: 1304118421218136166
2024-11-07T16:21:29.746Z: Server started on port 3000
2024-11-07T16:21:42.053Z: New thread created: 1304118586616315955, Zendesk ticket: 15147
2024-11-07T16:21:44.073Z: Updated Zendesk ticket: 15147 for thread: 1304118586616315955
2024-11-07T16:26:44.668Z: New thread created: 1304119856446050344, Zendesk ticket: 15148
2024-11-07T16:26:47.153Z: Updated Zendesk ticket: 15148 for thread: 1304119856446050344
2024-11-07T16:27:08.849Z: Received webhook payload: {"commenter_id":"27124286946829","comment_description":"testing replies","threadID":"1304119856446050344"}
2024-11-07T16:27:09.216Z: Thread ID from payload: 1304119856446050344
2024-11-07T16:27:09.216Z: Matching thread found: 1304119856446050344
2024-11-07T16:27:09.216Z: Fetched active threads: ["1304119856446050344","1304118586616315955","1304118421218136166","1304117539508326490","1304116950762258494","1304116751830618153","1304116641331675207","1304116417762951179","1304115996147056710","1304062780718055447","1304062475938824205","1304061819437977701","1304061403551891536","1304060906451238945","1304060550552092754","1304059484532113488","1304055256438673418","1304010809378082828","1303784887576170546","1303784618390061208","1303782173794373745","1303779521329107035","1303778007697068135","1303777393944563732","1303777087496130711","1303776473433374770","1303775415445356597","1303775124486488075","1303774392165077043","1303724044377653268","1295713861470785606","1293900091924549684","1293900064246206505","1293900039160332288","1293900011654086666","1293899984244310107","1293899949074939904","1293899887124942919","1293899860218482792","1293899829818425415","1293899800479273041","1293899767415443478","1293899736600018964","1293892568689676298","1293892535978164285","1293892474690863135","1293892416063148073","1293892385583005737","1293892356415819776","1293892308940361779","1293892274119380994","1293892218507100221","1293892191072026644","1293892160688492626","1293892126509367367","1293892104480751686","1293892075787522049","1293892048965079143","1293892024453300296","1293891982548271115","1293891924599640168","1293891889552166994","1293891865887641610","1293891844593418301","1293891822434648114","1293891797516423199","1293891762389254185","1293891731573702777","1293891704851529788","1293891677001486448","1293891643337871422","1293891611511754802","1293891587532783637","1293891560374800444","1293891529487679518","1293891490199900261","1293891455571726430","1293891421970890772","1293891370477424670","1293891335392329809","1293891260960079995"]
2024-11-07T16:27:09.469Z: Sent message to Discord webhook: testing replies
2024-11-07T16:27:09.469Z: Response from Discord webhook: 204
2024-11-07T16:28:08.435Z: Server started on port 3000
2024-11-07T16:28:14.114Z: Error updating Zendesk ticket for thread: 1304119856446050344
2024-11-07T16:28:54.487Z: Server started on port 3000
2024-11-07T16:31:04.679Z: Server started on port 3000
2024-11-07T16:31:18.710Z: Server started on port 3000
2024-11-07T16:31:24.072Z: Updated Zendesk ticket: 15148 for thread: 1304119856446050344
2024-11-07T16:31:51.356Z: Received webhook payload: {"commenter_id":"27124286946829","comment_description":"back to pending","threadID":"1304119856446050344"}
2024-11-07T16:31:51.821Z: Thread ID from payload: 1304119856446050344
2024-11-07T16:31:51.821Z: Fetched active threads: ["1304119856446050344","1304118586616315955","1304118421218136166","1304117539508326490","1304116950762258494","1304116751830618153","1304116641331675207","1304116417762951179","1304115996147056710","1304062780718055447","1304062475938824205","1304061819437977701","1304061403551891536","1304060906451238945","1304060550552092754","1304059484532113488","1304055256438673418","1304010809378082828","1303784887576170546","1303784618390061208","1303782173794373745","1303779521329107035","1303778007697068135","1303777393944563732","1303777087496130711","1303776473433374770","1303775415445356597","1303775124486488075","1303774392165077043","1303724044377653268","1295713861470785606","1293900091924549684","1293900064246206505","1293900039160332288","1293900011654086666","1293899984244310107","1293899949074939904","1293899887124942919","1293899860218482792","1293899829818425415","1293899800479273041","1293899767415443478","1293899736600018964","1293892568689676298","1293892535978164285","1293892474690863135","1293892416063148073","1293892385583005737","1293892356415819776","1293892308940361779","1293892274119380994","1293892218507100221","1293892191072026644","1293892160688492626","1293892126509367367","1293892104480751686","1293892075787522049","1293892048965079143","1293892024453300296","1293891982548271115","1293891924599640168","1293891889552166994","1293891865887641610","1293891844593418301","1293891822434648114","1293891797516423199","1293891762389254185","1293891731573702777","1293891704851529788","1293891677001486448","1293891643337871422","1293891611511754802","1293891587532783637","1293891560374800444","1293891529487679518","1293891490199900261","1293891455571726430","1293891421970890772","1293891370477424670","1293891335392329809","1293891260960079995"]
2024-11-07T16:31:51.821Z: Matching thread found: 1304119856446050344
2024-11-07T16:31:52.093Z: Response from Discord webhook: 204
2024-11-07T16:31:52.093Z: Sent message to Discord webhook: back to pending
2024-11-07T16:32:04.091Z: Updated Zendesk ticket: 15148 for thread: 1304119856446050344
2024-11-07T16:32:25.707Z: Received webhook payload: {"commenter_id":"27124286946829","comment_description":"what if I close?","threadID":"1304119856446050344"}
2024-11-07T16:32:26.074Z: Thread ID from payload: 1304119856446050344
2024-11-07T16:32:26.074Z: Matching thread found: 1304119856446050344
2024-11-07T16:32:26.074Z: Fetched active threads: ["1304119856446050344","1304118586616315955","1304118421218136166","1304117539508326490","1304116950762258494","1304116751830618153","1304116641331675207","1304116417762951179","1304115996147056710","1304062780718055447","1304062475938824205","1304061819437977701","1304061403551891536","1304060906451238945","1304060550552092754","1304059484532113488","1304055256438673418","1304010809378082828","1303784887576170546","1303784618390061208","1303782173794373745","1303779521329107035","1303778007697068135","1303777393944563732","1303777087496130711","1303776473433374770","1303775415445356597","1303775124486488075","1303774392165077043","1303724044377653268","1295713861470785606","1293900091924549684","1293900064246206505","1293900039160332288","1293900011654086666","1293899984244310107","1293899949074939904","1293899887124942919","1293899860218482792","1293899829818425415","1293899800479273041","1293899767415443478","1293899736600018964","1293892568689676298","1293892535978164285","1293892474690863135","1293892416063148073","1293892385583005737","1293892356415819776","1293892308940361779","1293892274119380994","1293892218507100221","1293892191072026644","1293892160688492626","1293892126509367367","1293892104480751686","1293892075787522049","1293892048965079143","1293892024453300296","1293891982548271115","1293891924599640168","1293891889552166994","1293891865887641610","1293891844593418301","1293891822434648114","1293891797516423199","1293891762389254185","1293891731573702777","1293891704851529788","1293891677001486448","1293891643337871422","1293891611511754802","1293891587532783637","1293891560374800444","1293891529487679518","1293891490199900261","1293891455571726430","1293891421970890772","1293891370477424670","1293891335392329809","1293891260960079995"]
2024-11-07T16:32:26.328Z: Sent message to Discord webhook: what if I close?
2024-11-07T16:32:26.329Z: Response from Discord webhook: 204
2024-11-07T16:32:33.562Z: Updated Zendesk ticket: 15148 for thread: 1304119856446050344
2024-11-08T08:54:47.710Z: Server started on port 3000
2024-11-08T08:55:24.901Z: Server started on port 3000
2024-11-08T09:03:30.468Z: New thread created: 1304370699829510197, Zendesk ticket: 15155
2024-11-08T09:03:32.653Z: Updated Zendesk ticket: 15155 for thread: 1304370699829510197
2024-11-08T09:07:09.322Z: Server started on port 3000
2024-11-08T09:07:23.387Z: Received webhook payload: {"commenter_id":"27124286946829","comment_description":"replies","threadID":"1304370699829510197"}
2024-11-08T09:07:23.757Z: Thread ID from payload: 1304370699829510197
2024-11-08T09:07:23.757Z: Matching thread found: 1304370699829510197
2024-11-08T09:07:23.757Z: Fetched active threads: ["1304370699829510197","1304119856446050344","1304118586616315955","1304118421218136166","1304117539508326490","1304116950762258494","1304116751830618153","1304116641331675207","1304116417762951179","1304115996147056710","1304062780718055447","1304062475938824205","1304061819437977701","1304061403551891536","1304060906451238945","1304060550552092754","1304059484532113488","1304055256438673418","1304010809378082828","1303784887576170546","1303784618390061208","1303782173794373745","1303779521329107035","1303778007697068135","1303777393944563732","1303777087496130711","1303776473433374770","1303775415445356597","1303775124486488075","1303774392165077043","1303724044377653268","1295713861470785606","1293900091924549684","1293900064246206505","1293900039160332288","1293900011654086666","1293899984244310107","1293899949074939904","1293899887124942919","1293899860218482792","1293899829818425415","1293899800479273041","1293899767415443478","1293899736600018964","1293892568689676298","1293892535978164285","1293892474690863135","1293892416063148073","1293892385583005737","1293892356415819776","1293892308940361779","1293892274119380994","1293892218507100221","1293892191072026644","1293892160688492626","1293892126509367367","1293892104480751686","1293892075787522049","1293892048965079143","1293892024453300296","1293891982548271115","1293891924599640168","1293891889552166994","1293891865887641610","1293891844593418301","1293891822434648114","1293891797516423199","1293891762389254185","1293891731573702777","1293891704851529788","1293891677001486448","1293891643337871422","1293891611511754802","1293891587532783637","1293891560374800444","1293891529487679518","1293891490199900261","1293891455571726430","1293891421970890772","1293891370477424670","1293891335392329809","1293891260960079995"]
2024-11-08T09:07:24.091Z: Sent message to Discord webhook: replies
2024-11-08T09:07:24.091Z: Response from Discord webhook: 204
2024-11-08T09:08:22.656Z: Server started on port 3000
2024-11-08T09:20:39.366Z: New thread created: 1304375015093043250, Zendesk ticket: 15156
2024-11-08T09:20:41.470Z: Updated Zendesk ticket: 15156 for thread: 1304375015093043250
2024-11-08T09:21:37.677Z: Received webhook payload: {"commenter_id":"27124286946829","comment_description":"Reply from zendesk","threadID":"1304375015093043250"}
2024-11-08T09:21:38.107Z: Thread ID from payload: 1304375015093043250
2024-11-08T09:21:38.107Z: Fetched active threads: ["1304375015093043250","1304370699829510197","1304119856446050344","1304118586616315955","1304118421218136166","1304117539508326490","1304116950762258494","1304116751830618153","1304116641331675207","1304116417762951179","1304115996147056710","1304062780718055447","1304062475938824205","1304061819437977701","1304061403551891536","1304060906451238945","1304060550552092754","1304059484532113488","1304055256438673418","1304010809378082828","1303784887576170546","1303784618390061208","1303782173794373745","1303779521329107035","1303778007697068135","1303777393944563732","1303777087496130711","1303776473433374770","1303775415445356597","1303775124486488075","1303774392165077043","1303724044377653268","1295713861470785606","1293900091924549684","1293900064246206505","1293900039160332288","1293900011654086666","1293899984244310107","1293899949074939904","1293899887124942919","1293899860218482792","1293899829818425415","1293899800479273041","1293899767415443478","1293899736600018964","1293892568689676298","1293892535978164285","1293892474690863135","1293892416063148073","1293892385583005737","1293892356415819776","1293892308940361779","1293892274119380994","1293892218507100221","1293892191072026644","1293892160688492626","1293892126509367367","1293892104480751686","1293892075787522049","1293892048965079143","1293892024453300296","1293891982548271115","1293891924599640168","1293891889552166994","1293891865887641610","1293891844593418301","1293891822434648114","1293891797516423199","1293891762389254185","1293891731573702777","1293891704851529788","1293891677001486448","1293891643337871422","1293891611511754802","1293891587532783637","1293891560374800444","1293891529487679518","1293891490199900261","1293891455571726430","1293891421970890772","1293891370477424670","1293891335392329809","1293891260960079995"]
2024-11-08T09:21:38.107Z: Matching thread found: 1304375015093043250
2024-11-08T09:21:38.437Z: Response from Discord webhook: 204
2024-11-08T09:21:38.437Z: Sent message to Discord webhook: Reply from zendesk
2024-11-08T09:22:05.107Z: Updated Zendesk ticket: 15156 for thread: 1304375015093043250
2024-11-08T09:30:17.906Z: Server started on port 3000
